Build started 20/4/2015 11:17:47 PM.
     1>Project "C:\Users\Jiajie\Desktop\lab5n\lab5\lab5\lab5.vcxproj" on node 2 (build target(s)).
     1>InitializeBuildStatus:
         Touching "Debug\lab5.unsuccessfulbuild".
       ClCompile:
         C:\Program Files (x86)\Microsoft Visual Studio 10.0\VC\bin\CL.exe /c /ZI /nologo /W3 /WX- /Od /Oy- /D WIN32 /D _DEBUG /D _CONSOLE /D _UNICODE /D UNICODE /Gm /EHsc /RTC1 /MDd /GS /fp:precise /Zc:wchar_t /Zc:forScope /Fo"Debug\\" /Fd"Debug\vc100.pdb" /Gd /TP /analyze- /errorReport:prompt lab5.cpp main.cpp
         main.cpp
     1>c:\users\jiajie\desktop\lab5n\lab5\lab5\main.cpp(42): warning C4996: 'fopen': This function or variable may be unsafe. Consider using fopen_s instead. To disable deprecation, use _CRT_SECURE_NO_WARNINGS. See online help for details.
                 c:\program files (x86)\microsoft visual studio 10.0\vc\include\stdio.h(234) : see declaration of 'fopen'
     1>c:\users\jiajie\desktop\lab5n\lab5\lab5\main.cpp(229): warning C4101: 'id' : unreferenced local variable
         Generating Code...
         Compiling...
         lab5.cpp
         Generating Code...
       ManifestResourceCompile:
         All outputs are up-to-date.
       Link:
         C:\Program Files (x86)\Microsoft Visual Studio 10.0\VC\bin\link.exe /ERRORREPORT:PROMPT /OUT:"C:\Users\Jiajie\Desktop\lab5n\lab5\Debug\lab5.exe" /INCREMENTAL /NOLOGO kernel32.lib user32.lib gdi32.lib winspool.lib comdlg32.lib advapi32.lib shell32.lib ole32.lib oleaut32.lib uuid.lib odbc32.lib odbccp32.lib /MANIFEST /ManifestFile:"Debug\lab5.exe.intermediate.manifest" /MANIFESTUAC:"level='asInvoker' uiAccess='false'" /DEBUG /PDB:"C:\Users\Jiajie\Desktop\lab5n\lab5\Debug\lab5.pdb" /SUBSYSTEM:CONSOLE /TLBID:1 /DYNAMICBASE:NO /IMPLIB:"C:\Users\Jiajie\Desktop\lab5n\lab5\Debug\lab5.lib" /MACHINE:X86 Debug\lab5.exe.embed.manifest.res
         Debug\lab5.obj
         Debug\main.obj
       Manifest:
         C:\Program Files (x86)\Microsoft SDKs\Windows\v7.0A\bin\mt.exe /nologo /verbose /out:"Debug\lab5.exe.embed.manifest" /manifest Debug\lab5.exe.intermediate.manifest
         All outputs are up-to-date.
       LinkEmbedManifest:
         All outputs are up-to-date.
         lab5.vcxproj -> C:\Users\Jiajie\Desktop\lab5n\lab5\Debug\lab5.exe
       FinalizeBuildStatus:
         Deleting file "Debug\lab5.unsuccessfulbuild".
         Touching "Debug\lab5.lastbuildstate".
     1>Done Building Project "C:\Users\Jiajie\Desktop\lab5n\lab5\lab5\lab5.vcxproj" (build target(s)).

Build succeeded.

Time Elapsed 00:00:01.10
